5215549394897:ENCOLADO ans_228b7f79-9077-41ec-b1b1-90cf695aba60
EJECUTANDO:ans_228b7f79-9077-41ec-b1b1-90cf695aba60
5215549394897:SUCCESS
5215549394897:ENCOLADO ans_cf7a4aca-a26f-4666-893b-aebcf8124591
EJECUTANDO:ans_cf7a4aca-a26f-4666-893b-aebcf8124591
5215549394897:SUCCESS
5215549394897:ENCOLADO ans_badf420b-73e7-4db9-95bd-fce8182bd77d
EJECUTANDO:ans_badf420b-73e7-4db9-95bd-fce8182bd77d
5215549394897:SUCCESS
5215549394897:ENCOLADO ans_2536477e-8793-4a3e-9364-511edafc5fa3
EJECUTANDO:ans_2536477e-8793-4a3e-9364-511edafc5fa3
5215549394897:SUCCESS
5215549394897:ENCOLADO ans_7c845dce-f3f1-4524-b3da-600d1b66bdc0
EJECUTANDO:ans_7c845dce-f3f1-4524-b3da-600d1b66bdc0
5215549394897:SUCCESS
5215549394897:ENCOLADO ans_228b7f79-9077-41ec-b1b1-90cf695aba60
EJECUTANDO:ans_228b7f79-9077-41ec-b1b1-90cf695aba60
5215549394897:SUCCESS
5215549394897:ENCOLADO ans_cf7a4aca-a26f-4666-893b-aebcf8124591
EJECUTANDO:ans_cf7a4aca-a26f-4666-893b-aebcf8124591
5215549394897:SUCCESS
5215549394897:ENCOLADO ans_9d97cb29-5185-4ed3-b9ed-ac6ebd47c068
EJECUTANDO:ans_9d97cb29-5185-4ed3-b9ed-ac6ebd47c068
5215549394897:SUCCESS
5215549394897:ENCOLADO ans_b7452d86-24b3-489a-a0bb-8a3f730e35ba
EJECUTANDO:ans_b7452d86-24b3-489a-a0bb-8a3f730e35ba
5215549394897:SUCCESS
5215549394897:ENCOLADO ans_bfad41d2-5e33-43f5-be21-34fe7f7338c9
EJECUTANDO:ans_bfad41d2-5e33-43f5-be21-34fe7f7338c9
5215549394897:SUCCESS
5215549394897:ENCOLADO ans_3155b7a5-580f-4dbb-b4db-ef230aeb5e22
EJECUTANDO:ans_3155b7a5-580f-4dbb-b4db-ef230aeb5e22
5215549394897:SUCCESS
5215549394897:ENCOLADO ans_15669db7-eb2c-4fe7-91b0-b6d197e41740
EJECUTANDO:ans_15669db7-eb2c-4fe7-91b0-b6d197e41740
5215549394897:SUCCESS
5215549394897:ENCOLADO ans_072f5baf-379c-4df9-affd-1299cf454807
EJECUTANDO:ans_072f5baf-379c-4df9-affd-1299cf454807
5215549394897:SUCCESS
5215549394897:ENCOLADO ans_37b0a0a7-3d7b-4203-a66b-1de63176a011
EJECUTANDO:ans_37b0a0a7-3d7b-4203-a66b-1de63176a011
5215549394897:SUCCESS
